<?xml version="1.0" encoding="UTF-8"?>
<testng-results skipped="0" failed="0" ignored="0" total="1" passed="1">
  <reporter-output>
  </reporter-output>
  <suite name="Default suite" duration-ms="6180" started-at="2021-08-20T13:00:52 IST" finished-at="2021-08-20T13:00:58 IST">
    <groups>
    </groups>
    <test name="Default test" duration-ms="6180" started-at="2021-08-20T13:00:52 IST" finished-at="2021-08-20T13:00:58 IST">
      <class name="testwebapp.com.test.AppTest">
        <test-method status="PASS" signature="testApp()[pri:0, instance:testwebapp.com.test.AppTest@1f7030a6]" name="testApp" duration-ms="6133" started-at="2021-08-20T13:00:52 IST" finished-at="2021-08-20T13:00:58 IST">
          <reporter-output>
          </reporter-output>
        </test-method> <!-- testApp -->
      </class> <!-- testwebapp.com.test.AppTest -->
    </test> <!-- Default test -->
  </suite> <!-- Default suite -->
</testng-results>
